<?xml version="1.0" encoding="UTF-8"?>
<!-- Generated by org.testng.reporters.JUnitXMLReporter -->
<testsuite ignored="1" hostname="Sayali" failures="0" tests="2" name="Test" time="77.882" errors="0" timestamp="2023-12-04T11:01:24 IST">
  <testcase classname="framework1.groupexection" name="swiggy" time="44.987"/>
  <testcase classname="framework1.groupexection" name="zomato" time="32.724"/>
  <testcase classname="framework1.groupexection" name="facebook" time="0.0">
    <ignored/>
  </testcase> <!-- facebook -->
</testsuite> <!-- Test -->
